<?xml version="1.0" encoding="UTF-8"?>
<!-- Generated by org.testng.reporters.JUnitReportReporter -->
<testsuite hostname="MININT-3V65FN3" name="com.cucumberFramework.testRunner.TestRunner" tests="1" failures="0" timestamp="18 Jun 2022 17:13:13 GMT" time="24.245" errors="0">
  <testcase name="feature" time="24.245" classname="com.cucumberFramework.testRunner.TestRunner"/>
</testsuite> <!-- com.cucumberFramework.testRunner.TestRunner -->
